<?xml version="1.0" encoding="UTF-8"?>
<!-- Generated by org.testng.reporters.JUnitXMLReporter -->
<testsuite ignored="0" hostname="NUE04MB009.local" failures="0" tests="4" name="Surefire test" time="0.048" errors="0" timestamp="2023-01-02T16:09:28 CET">
  <testcase classname="com.SumTests" name="AddTwoNumbers" time="0.011"/>
  <testcase classname="com.SumTests" name="AddTwoNumbersWithDecimals" time="0.001"/>
  <testcase classname="com.SubtractionTests" name="SubtractTwoNumbers" time="0.0"/>
  <testcase classname="com.MultiplicationTest" name="MultiplyTwoNumbers" time="0.0"/>
</testsuite> <!-- Surefire test -->
