<?xml version="1.0" encoding="UTF-8"?>
<testng-results ignored="0" total="4" passed="4" failed="0" skipped="0">
  <reporter-output>
  </reporter-output>
  <suite started-at="2023-01-02T16:09:28 CET" name="Surefire suite" finished-at="2023-01-02T16:09:28 CET" duration-ms="48">
    <groups>
    </groups>
    <test started-at="2023-01-02T16:09:28 CET" name="Surefire test" finished-at="2023-01-02T16:09:28 CET" duration-ms="48">
      <class name="com.SumTests">
        <test-method signature="AddTwoNumbers()[pri:0, instance:com.SumTests@6743e411]" started-at="2023-01-02T16:09:28 CET" name="AddTwoNumbers" finished-at="2023-01-02T16:09:28 CET" duration-ms="11" status="PASS">
          <reporter-output>
          </reporter-output>
        </test-method> <!-- AddTwoNumbers -->
        <test-method signature="AddTwoNumbersWithDecimals()[pri:0, instance:com.SumTests@6743e411]" started-at="2023-01-02T16:09:28 CET" name="AddTwoNumbersWithDecimals" finished-at="2023-01-02T16:09:28 CET" duration-ms="1" status="PASS">
          <reporter-output>
          </reporter-output>
        </test-method> <!-- AddTwoNumbersWithDecimals -->
      </class> <!-- com.SumTests -->
      <class name="com.MultiplicationTest">
        <test-method signature="MultiplyTwoNumbers()[pri:0, instance:com.MultiplicationTest@3b0090a4]" started-at="2023-01-02T16:09:28 CET" name="MultiplyTwoNumbers" finished-at="2023-01-02T16:09:28 CET" duration-ms="0" status="PASS">
          <reporter-output>
          </reporter-output>
        </test-method> <!-- MultiplyTwoNumbers -->
      </class> <!-- com.MultiplicationTest -->
      <class name="com.SubtractionTests">
        <test-method signature="SubtractTwoNumbers()[pri:0, instance:com.SubtractionTests@179ece50]" started-at="2023-01-02T16:09:28 CET" name="SubtractTwoNumbers" finished-at="2023-01-02T16:09:28 CET" duration-ms="0" status="PASS">
          <reporter-output>
          </reporter-output>
        </test-method> <!-- SubtractTwoNumbers -->
      </class> <!-- com.SubtractionTests -->
    </test> <!-- Surefire test -->
  </suite> <!-- Surefire suite -->
</testng-results>
