<?xml version="1.0" encoding="UTF-8"?>
<testsuite xmlns:xsi="http://www.w3.org/2001/XMLSchema-instance" xsi:noNamespaceSchemaLocation="https://maven.apache.org/surefire/maven-surefire-plugin/xsd/surefire-test-report.xsd" name="TestSuite" time="0.423" tests="4" errors="0" skipped="0" failures="0">
  <properties>
[...]
</properties>
  <testcase name="AddTwoNumbers" classname="com.SumTests" time="0.005"/>
  <testcase name="AddTwoNumbersWithDecimals" classname="com.SumTests" time="0"/>
  <testcase name="SubtractTwoNumbers" classname="com.SubtractionTests" time="0"/>
  <testcase name="MultiplyTwoNumbers" classname="com.MultiplicationTest" time="0"/>
</testsuite>